<?xml version="1.0" encoding="UTF-8"?>
<testng-results skipped="0" failed="0" ignored="0" total="1" passed="1">
  <reporter-output>
  </reporter-output>
  <suite name="Default suite" duration-ms="21879" started-at="2018-06-18T06:35:37Z" finished-at="2018-06-18T06:35:59Z">
    <groups>
    </groups>
    <test name="Default test" duration-ms="21879" started-at="2018-06-18T06:35:37Z" finished-at="2018-06-18T06:35:59Z">
      <class name="Project.SignUp">
        <test-method status="PASS" signature="init()[pri:0, instance:Project.SignUp@29ee9faa]" name="init" is-config="true" duration-ms="20772" started-at="2018-06-18T06:35:37Z" finished-at="2018-06-18T06:35:58Z">
          <reporter-output>
          </reporter-output>
        </test-method> <!-- init -->
        <test-method status="PASS" signature="Airport()[pri:0, instance:Project.SignUp@29ee9faa]" name="Airport" duration-ms="1042" started-at="2018-06-18T06:35:58Z" finished-at="2018-06-18T06:35:59Z">
          <reporter-output>
          </reporter-output>
        </test-method> <!-- Airport -->
      </class> <!-- Project.SignUp -->
    </test> <!-- Default test -->
  </suite> <!-- Default suite -->
</testng-results>
